<?xml version="1.0" encoding="UTF-8"?>
<!-- Generated by org.testng.reporters.JUnitReportReporter -->
<testsuite skipped="0" hostname="Admin-PC" name="org.adactin.loginPage" tests="3" failures="0" timestamp="22 Jan 2020 06:35:26 GMT" time="3.949" errors="0">
  <testcase name="btnclick" time="1.418" classname="org.adactin.loginPage"/>
  <testcase name="voidfilltxt" time="0.500" classname="org.adactin.loginPage"/>
  <testcase name="selectdrop" time="2.031" classname="org.adactin.loginPage"/>
</testsuite> <!-- org.adactin.loginPage -->
